<?xml version="1.0" encoding="UTF-8"?>
<testsuite name="MyTest" tests="1" skipped="0" failures="0" errors="0" timestamp="2019-04-05T10:41:41" hostname="Damians-MacBook-Pro.local" time="0.002">
  <properties/>
  <testcase name="name" classname="MyTest" time="0.002"/>
  <system-out><![CDATA[]]></system-out>
  <system-err><![CDATA[]]></system-err>
</testsuite>
